<?xml version="1.0" encoding="UTF-8"?>
<testng-results total="2" passed="2" failed="0" skipped="0">
  <reporter-output>
  </reporter-output>
  <suite started-at="2021-02-09T05:47:37Z" name="Simple TestNG test" finished-at="2021-02-09T05:47:37Z" duration-ms="19">
    <groups>
    </groups>
    <test started-at="2021-02-09T05:47:37Z" name="QETest" finished-at="2021-02-09T05:47:37Z" duration-ms="19">
      <class name="rei.TestRunner">
        <test-method signature="wordFound()[pri:0, instance:rei.TestRunner@4671e53b]" started-at="2021-02-09T00:47:37Z" name="wordFound" finished-at="2021-02-09T00:47:37Z" duration-ms="7" status="PASS">
          <reporter-output>
          </reporter-output>
        </test-method> <!-- wordFound -->
        <test-method signature="wordMissing()[pri:0, instance:rei.TestRunner@4671e53b]" started-at="2021-02-09T00:47:37Z" name="wordMissing" finished-at="2021-02-09T00:47:37Z" duration-ms="0" status="PASS">
          <reporter-output>
          </reporter-output>
        </test-method> <!-- wordMissing -->
      </class> <!-- rei.TestRunner -->
    </test> <!-- QETest -->
  </suite> <!-- Simple TestNG test -->
</testng-results>
