<?xml version="1.0" encoding="UTF-8"?>
<testng-results total="1" passed="1" failed="0" skipped="0">
  <reporter-output>
  </reporter-output>
  <suite started-at="2021-02-09T05:42:17Z" name="Default suite" finished-at="2021-02-09T05:42:17Z" duration-ms="27">
    <groups>
    </groups>
    <test started-at="2021-02-09T05:42:17Z" name="Default test" finished-at="2021-02-09T05:42:17Z" duration-ms="27">
      <class name="rei.TestRunner">
        <test-method signature="validTest()[pri:0, instance:rei.TestRunner@53976f5c]" started-at="2021-02-09T00:42:17Z" name="validTest" finished-at="2021-02-09T00:42:17Z" duration-ms="8" status="PASS">
          <reporter-output>
          </reporter-output>
        </test-method> <!-- validTest -->
      </class> <!-- rei.TestRunner -->
    </test> <!-- Default test -->
  </suite> <!-- Default suite -->
</testng-results>
